<?xml version="1.0" encoding="UTF-8"?>
<testsuite xmlns:xsi="http://www.w3.org/2001/XMLSchema-instance" xsi:noNamespaceSchemaLocation="https://maven.apache.org/surefire/maven-surefire-plugin/xsd/surefire-test-report.xsd" name="edu.sc.bse3211.meetingplanner.OrganizationTest" time="0.002" tests="10" errors="0" skipped="0" failures="0">
  <properties>
[...]
</properties>
  <testcase name="testGetRooms_returnsNonNullList" classname="edu.sc.bse3211.meetingplanner.OrganizationTest" time="0"/>
  <testcase name="testGetRoom_validID_returnsRoom" classname="edu.sc.bse3211.meetingplanner.OrganizationTest" time="0.001"/>
  <testcase name="testGetRoom_invalidID_throwsException" classname="edu.sc.bse3211.meetingplanner.OrganizationTest" time="0"/>
  <testcase name="testGetEmployee_validName_returnsPerson" classname="edu.sc.bse3211.meetingplanner.OrganizationTest" time="0"/>
  <testcase name="testConstructor_hasFiveEmployees" classname="edu.sc.bse3211.meetingplanner.OrganizationTest" time="0"/>
  <testcase name="testGetEmployee_invalidName_throwsException" classname="edu.sc.bse3211.meetingplanner.OrganizationTest" time="0"/>
  <testcase name="testConstructor_containsExpectedEmployees" classname="edu.sc.bse3211.meetingplanner.OrganizationTest" time="0"/>
  <testcase name="testGetEmployees_returnsNonNullList" classname="edu.sc.bse3211.meetingplanner.OrganizationTest" time="0"/>
  <testcase name="testConstructor_containsExpectedRooms" classname="edu.sc.bse3211.meetingplanner.OrganizationTest" time="0"/>
  <testcase name="testConstructor_hasFiveRooms" classname="edu.sc.bse3211.meetingplanner.OrganizationTest" time="0.001"/>
</testsuite>