<?xml version="1.0" encoding="UTF-8"?>
<testsuite xmlns:xsi="http://www.w3.org/2001/XMLSchema-instance" xsi:noNamespaceSchemaLocation="https://maven.apache.org/surefire/maven-surefire-plugin/xsd/surefire-test-report.xsd" name="edu.sc.bse3211.meetingplanner.CalendarTest" time="0.109" tests="31" errors="0" skipped="0" failures="8">
  <properties>
[...]
</properties>
  <testcase name="testClearSchedule_removesAllMeetings" classname="edu.sc.bse3211.meetingplanner.CalendarTest" time="0.006"/>
  <testcase name="testGetMeeting_negativeDay_exposesNoValidation" classname="edu.sc.bse3211.meetingplanner.CalendarTest" time="0"/>
  <testcase name="testAddMeeting_dayThirtyTwo_throwsException" classname="edu.sc.bse3211.meetingplanner.CalendarTest" time="0"/>
  <testcase name="testAddMeeting_nov31_isBlocked" classname="edu.sc.bse3211.meetingplanner.CalendarTest" time="0.009">
    <failure message="FAULT 3 EXPOSED: Nov 31 is pre-blocked but the conflict check skips &apos;Day does not exist&apos; entries, allowing invalid bookings." type="java.lang.AssertionError">java.lang.AssertionError: FAULT 3 EXPOSED: Nov 31 is pre-blocked but the conflict check skips 'Day does not exist' entries, allowing invalid bookings.
	at edu.sc.bse3211.meetingplanner.CalendarTest.testAddMeeting_nov31_isBlocked(CalendarTest.java:255)
</failure>
  </testcase>
  <testcase name="testClearSchedule_thenRebook_succeeds" classname="edu.sc.bse3211.meetingplanner.CalendarTest" time="0"/>
  <testcase name="testRemoveMeeting_outOfBoundsDay_exposesNoValidation" classname="edu.sc.bse3211.meetingplanner.CalendarTest" time="0.001"/>
  <testcase name="testAddMeeting_month13_shouldThrowException" classname="edu.sc.bse3211.meetingplanner.CalendarTest" time="0.001"/>
  <testcase name="testPrintAgenda_month_returnsString" classname="edu.sc.bse3211.meetingplanner.CalendarTest" time="0.001"/>
  <testcase name="testAddMeeting_feb30_isBlocked" classname="edu.sc.bse3211.meetingplanner.CalendarTest" time="0.001">
    <failure message="FAULT 3 EXPOSED: Feb 30 is pre-blocked but the conflict check skips &apos;Day does not exist&apos; entries, allowing invalid bookings." type="java.lang.AssertionError">java.lang.AssertionError: FAULT 3 EXPOSED: Feb 30 is pre-blocked but the conflict check skips 'Day does not exist' entries, allowing invalid bookings.
	at edu.sc.bse3211.meetingplanner.CalendarTest.testAddMeeting_feb30_isBlocked(CalendarTest.java:239)
</failure>
  </testcase>
  <testcase name="testGetMeeting_outOfBoundsDay_exposesNoValidation" classname="edu.sc.bse3211.meetingplanner.CalendarTest" time="0"/>
  <testcase name="testIsBusy_emptyDay_returnsFalse" classname="edu.sc.bse3211.meetingplanner.CalendarTest" time="0"/>
  <testcase name="testAddMeeting_holiday" classname="edu.sc.bse3211.meetingplanner.CalendarTest" time="0.001"/>
  <testcase name="testAddMeeting_startAfterEnd_throwsException" classname="edu.sc.bse3211.meetingplanner.CalendarTest" time="0.001"/>
  <testcase name="testAddMeeting_sep31_isBlocked" classname="edu.sc.bse3211.meetingplanner.CalendarTest" time="0.001">
    <failure message="FAULT 3 EXPOSED: Sep 31 is pre-blocked but the conflict check skips &apos;Day does not exist&apos; entries, allowing invalid bookings." type="java.lang.AssertionError">java.lang.AssertionError: FAULT 3 EXPOSED: Sep 31 is pre-blocked but the conflict check skips 'Day does not exist' entries, allowing invalid bookings.
	at edu.sc.bse3211.meetingplanner.CalendarTest.testAddMeeting_sep31_isBlocked(CalendarTest.java:303)
</failure>
  </testcase>
  <testcase name="testAddMeeting_feb29_isBlocked" classname="edu.sc.bse3211.meetingplanner.CalendarTest" time="0.001">
    <failure message="FAULT 3 EXPOSED: Feb 29 is pre-blocked but addMeeting() skips &apos;Day does not exist&apos; entries in its conflict check, allowing bookings on non-existent days." type="java.lang.AssertionError">java.lang.AssertionError: FAULT 3 EXPOSED: Feb 29 is pre-blocked but addMeeting() skips 'Day does not exist' entries in its conflict check, allowing bookings on non-existent days.
	at edu.sc.bse3211.meetingplanner.CalendarTest.testAddMeeting_feb29_isBlocked(CalendarTest.java:222)
</failure>
  </testcase>
  <testcase name="testAddMeeting_dayZero_throwsException" classname="edu.sc.bse3211.meetingplanner.CalendarTest" time="0.001"/>
  <testcase name="testAddMeeting_validMeeting" classname="edu.sc.bse3211.meetingplanner.CalendarTest" time="0"/>
  <testcase name="testAddMeeting_endHourTwentyFour_throwsException" classname="edu.sc.bse3211.meetingplanner.CalendarTest" time="0"/>
  <testcase name="testAddMeeting_jun31_isBlocked" classname="edu.sc.bse3211.meetingplanner.CalendarTest" time="0.001">
    <failure message="FAULT 3 EXPOSED: Jun 31 is pre-blocked but the conflict check skips &apos;Day does not exist&apos; entries, allowing invalid bookings." type="java.lang.AssertionError">java.lang.AssertionError: FAULT 3 EXPOSED: Jun 31 is pre-blocked but the conflict check skips 'Day does not exist' entries, allowing invalid bookings.
	at edu.sc.bse3211.meetingplanner.CalendarTest.testAddMeeting_jun31_isBlocked(CalendarTest.java:287)
</failure>
  </testcase>
  <testcase name="testAddMeeting_adjacentMeetings_treatedAsOverlap" classname="edu.sc.bse3211.meetingplanner.CalendarTest" time="0.001"/>
  <testcase name="testAddMeeting_december_shouldSucceed" classname="edu.sc.bse3211.meetingplanner.CalendarTest" time="0">
    <failure message="FAULT 4 EXPOSED: December (month 12) is a valid month. checkTimes() uses &gt;= 12 instead of &gt; 12. Threw: Month does not exist." type="java.lang.AssertionError">java.lang.AssertionError: FAULT 4 EXPOSED: December (month 12) is a valid month. checkTimes() uses >= 12 instead of > 12. Threw: Month does not exist.
	at edu.sc.bse3211.meetingplanner.CalendarTest.testAddMeeting_december_shouldSucceed(CalendarTest.java:80)
</failure>
  </testcase>
  <testcase name="testAddMeeting_nonOverlappingMeetings_bothAdded" classname="edu.sc.bse3211.meetingplanner.CalendarTest" time="0"/>
  <testcase name="testAddMeeting_apr31_isBlocked" classname="edu.sc.bse3211.meetingplanner.CalendarTest" time="0.001">
    <failure message="FAULT 3 EXPOSED: Apr 31 is pre-blocked but the conflict check skips &apos;Day does not exist&apos; entries, allowing invalid bookings." type="java.lang.AssertionError">java.lang.AssertionError: FAULT 3 EXPOSED: Apr 31 is pre-blocked but the conflict check skips 'Day does not exist' entries, allowing invalid bookings.
	at edu.sc.bse3211.meetingplanner.CalendarTest.testAddMeeting_apr31_isBlocked(CalendarTest.java:271)
</failure>
  </testcase>
  <testcase name="testAddMeeting_startEqualsEnd_shouldBeAllowed" classname="edu.sc.bse3211.meetingplanner.CalendarTest" time="0.001">
    <failure message="FAULT 5 EXPOSED: checkTimes() uses mStart &gt;= mEnd which incorrectly rejects start==end. Threw: Meeting starts before it ends." type="java.lang.AssertionError">java.lang.AssertionError: FAULT 5 EXPOSED: checkTimes() uses mStart >= mEnd which incorrectly rejects start==end. Threw: Meeting starts before it ends.
	at edu.sc.bse3211.meetingplanner.CalendarTest.testAddMeeting_startEqualsEnd_shouldBeAllowed(CalendarTest.java:139)
</failure>
  </testcase>
  <testcase name="testGetMeeting_negativeMonth_exposesNoValidation" classname="edu.sc.bse3211.meetingplanner.CalendarTest" time="0"/>
  <testcase name="testPrintAgenda_day_containsCorrectHeader" classname="edu.sc.bse3211.meetingplanner.CalendarTest" time="0.001"/>
  <testcase name="testAddMeeting_monthZero_throwsException" classname="edu.sc.bse3211.meetingplanner.CalendarTest" time="0"/>
  <testcase name="testGetMeeting_validDateEmptyList_throwsIOBE" classname="edu.sc.bse3211.meetingplanner.CalendarTest" time="0.001"/>
  <testcase name="testAddMeeting_overlappingMeetings_throwsException" classname="edu.sc.bse3211.meetingplanner.CalendarTest" time="0"/>
  <testcase name="testAddMeeting_november_valid" classname="edu.sc.bse3211.meetingplanner.CalendarTest" time="0.001"/>
  <testcase name="testAddMeeting_negativeStartHour_throwsException" classname="edu.sc.bse3211.meetingplanner.CalendarTest" time="0"/>
</testsuite>